[0m13:37:23.845538 [debug] [MainThread]: Sending event: {'category': 'dbt', 'action': 'invocation', 'label': 'start', 'context': [<snowplow_tracker.self_describing_json.SelfDescribingJson object at 0x7fe567b64700>, <snowplow_tracker.self_describing_json.SelfDescribingJson object at 0x7fe569cf6c70>, <snowplow_tracker.self_describing_json.SelfDescribingJson object at 0x7fe569cf60d0>]}


============================== 13:37:23.852814 | edec550f-909c-47ca-91f1-b6256e319914 ==============================
[0m13:37:23.852814 [info ] [MainThread]: Running with dbt=1.7.0
[0m13:37:23.853833 [debug] [MainThread]: running dbt with arguments {'printer_width': '80', 'indirect_selection': 'eager', 'log_cache_events': 'False', 'write_json': 'True', 'partial_parse': 'True', 'cache_selected_only': 'False', 'warn_error': 'None', 'version_check': 'True', 'fail_fast': 'False', 'log_path': 'logs', 'debug': 'False', 'profiles_dir': '/Users/tennis/.dbt', 'use_colors': 'True', 'use_experimental_parser': 'False', 'no_print': 'None', 'quiet': 'False', 'log_format': 'default', 'static_parser': 'True', 'introspect': 'True', 'warn_error_options': 'WarnErrorOptions(include=[], exclude=[])', 'target_path': 'None', 'invocation_command': 'dbt init', 'send_anonymous_usage_stats': 'True'}
[0m13:37:48.084619 [debug] [MainThread]: Starter project path: /Users/tennis/anaconda3/anaconda3/envs/py-etl/lib/python3.9/site-packages/dbt/include/starter_project
[0m13:37:48.101644 [info ] [MainThread]: 
Your new dbt project "sales_dbt" was created!

For more information on how to configure the profiles.yml file,
please consult the dbt documentation here:

  https://docs.getdbt.com/docs/configure-your-profile

One more thing:

Need help? Don't hesitate to reach out to us via GitHub issues or on Slack:

  https://community.getdbt.com/

Happy modeling!

[0m13:37:48.102695 [info ] [MainThread]: Setting up your profile.
[0m13:38:58.137062 [error] [MainThread]: Encountered an error:

[0m13:38:58.145857 [error] [MainThread]: Traceback (most recent call last):
  File "/Users/tennis/anaconda3/anaconda3/envs/py-etl/lib/python3.9/site-packages/dbt/cli/requires.py", line 90, in wrapper
    result, success = func(*args, **kwargs)
  File "/Users/tennis/anaconda3/anaconda3/envs/py-etl/lib/python3.9/site-packages/dbt/cli/requires.py", line 75, in wrapper
    return func(*args, **kwargs)
  File "/Users/tennis/anaconda3/anaconda3/envs/py-etl/lib/python3.9/site-packages/dbt/cli/main.py", line 515, in init
    results = task.run()
  File "/Users/tennis/anaconda3/anaconda3/envs/py-etl/lib/python3.9/site-packages/dbt/task/init.py", line 344, in run
    self.setup_profile(profile_name)
  File "/Users/tennis/anaconda3/anaconda3/envs/py-etl/lib/python3.9/site-packages/dbt/task/init.py", line 264, in setup_profile
    self.create_profile_from_target(adapter, profile_name=profile_name)
  File "/Users/tennis/anaconda3/anaconda3/envs/py-etl/lib/python3.9/site-packages/dbt/task/init.py", line 181, in create_profile_from_target
    self.create_profile_from_profile_template(profile_template, profile_name)
  File "/Users/tennis/anaconda3/anaconda3/envs/py-etl/lib/python3.9/site-packages/dbt/task/init.py", line 165, in create_profile_from_profile_template
    target = self.generate_target_from_input(prompts, initial_target)
  File "/Users/tennis/anaconda3/anaconda3/envs/py-etl/lib/python3.9/site-packages/dbt/task/init.py", line 131, in generate_target_from_input
    target[key] = click.prompt(
  File "/Users/tennis/anaconda3/anaconda3/envs/py-etl/lib/python3.9/site-packages/click/termui.py", line 164, in prompt
    value = prompt_func(prompt)
  File "/Users/tennis/anaconda3/anaconda3/envs/py-etl/lib/python3.9/site-packages/click/termui.py", line 147, in prompt_func
    raise Abort() from None
click.exceptions.Abort

[0m13:38:58.192512 [debug] [MainThread]: Resource report: {"command_name": "init", "command_wall_clock_time": 94.380165, "process_user_time": 4.160097, "process_kernel_time": 0.669842, "process_mem_max_rss": "149827584", "command_success": false, "process_in_blocks": "0", "process_out_blocks": "0"}
[0m13:38:58.194849 [debug] [MainThread]: Command `dbt init` failed at 13:38:58.194193 after 94.38 seconds
[0m13:38:58.195939 [debug] [MainThread]: Sending event: {'category': 'dbt', 'action': 'invocation', 'label': 'end', 'context': [<snowplow_tracker.self_describing_json.SelfDescribingJson object at 0x7fe567b64700>, <snowplow_tracker.self_describing_json.SelfDescribingJson object at 0x7fe56c1d1df0>, <snowplow_tracker.self_describing_json.SelfDescribingJson object at 0x7fe56c1d12e0>]}
[0m13:38:58.196975 [debug] [MainThread]: Flushing usage events
[0m18:09:23.039815 [debug] [MainThread]: Sending event: {'category': 'dbt', 'action': 'invocation', 'label': 'start', 'context': [<snowplow_tracker.self_describing_json.SelfDescribingJson object at 0x7f943b4c3af0>, <snowplow_tracker.self_describing_json.SelfDescribingJson object at 0x7f943de14bb0>, <snowplow_tracker.self_describing_json.SelfDescribingJson object at 0x7f943de145e0>]}


============================== 18:09:23.048023 | 988fb387-68c5-43b8-8162-3fcbf1232e6c ==============================
[0m18:09:23.048023 [info ] [MainThread]: Running with dbt=1.7.0
[0m18:09:23.049162 [debug] [MainThread]: running dbt with arguments {'printer_width': '80', 'indirect_selection': 'eager', 'write_json': 'True', 'log_cache_events': 'False', 'partial_parse': 'True', 'cache_selected_only': 'False', 'warn_error': 'None', 'fail_fast': 'False', 'version_check': 'True', 'log_path': 'logs', 'profiles_dir': '/Users/tennis/.dbt', 'debug': 'False', 'use_colors': 'True', 'use_experimental_parser': 'False', 'no_print': 'None', 'quiet': 'False', 'warn_error_options': 'WarnErrorOptions(include=[], exclude=[])', 'static_parser': 'True', 'log_format': 'default', 'invocation_command': 'dbt debug', 'target_path': 'None', 'introspect': 'True', 'send_anonymous_usage_stats': 'True'}
[0m18:09:23.050284 [info ] [MainThread]: dbt version: 1.7.0
[0m18:09:23.050950 [info ] [MainThread]: python version: 3.9.18
[0m18:09:23.051581 [info ] [MainThread]: python path: /Users/tennis/anaconda3/anaconda3/envs/py-etl/bin/python
[0m18:09:23.052207 [info ] [MainThread]: os info: macOS-10.16-x86_64-i386-64bit
[0m18:09:23.052898 [info ] [MainThread]: Using profiles dir at /Users/tennis/.dbt
[0m18:09:23.053618 [info ] [MainThread]: Using profiles.yml file at /Users/tennis/.dbt/profiles.yml
[0m18:09:23.054433 [info ] [MainThread]: Using dbt_project.yml file at /Users/tennis/Desktop/DataCamp/Sales-Insights/dbt_project.yml
[0m18:09:23.055630 [info ] [MainThread]: Configuration:
[0m18:09:23.056404 [info ] [MainThread]:   profiles.yml file [[31mERROR not found[0m]
[0m18:09:23.057060 [info ] [MainThread]:   dbt_project.yml file [[31mERROR not found[0m]
[0m18:09:23.057685 [info ] [MainThread]: Required dependencies:
[0m18:09:23.058436 [debug] [MainThread]: Executing "git --help"
[0m18:09:23.092746 [debug] [MainThread]: STDOUT: "b"usage: git [-v | --version] [-h | --help] [-C <path>] [-c <name>=<value>]\n           [--exec-path[=<path>]] [--html-path] [--man-path] [--info-path]\n           [-p | --paginate | -P | --no-pager] [--no-replace-objects] [--bare]\n           [--git-dir=<path>] [--work-tree=<path>] [--namespace=<name>]\n           [--super-prefix=<path>] [--config-env=<name>=<envvar>]\n           <command> [<args>]\n\nThese are common Git commands used in various situations:\n\nstart a working area (see also: git help tutorial)\n   clone     Clone a repository into a new directory\n   init      Create an empty Git repository or reinitialize an existing one\n\nwork on the current change (see also: git help everyday)\n   add       Add file contents to the index\n   mv        Move or rename a file, a directory, or a symlink\n   restore   Restore working tree files\n   rm        Remove files from the working tree and from the index\n\nexamine the history and state (see also: git help revisions)\n   bisect    Use binary search to find the commit that introduced a bug\n   diff      Show changes between commits, commit and working tree, etc\n   grep      Print lines matching a pattern\n   log       Show commit logs\n   show      Show various types of objects\n   status    Show the working tree status\n\ngrow, mark and tweak your common history\n   branch    List, create, or delete branches\n   commit    Record changes to the repository\n   merge     Join two or more development histories together\n   rebase    Reapply commits on top of another base tip\n   reset     Reset current HEAD to the specified state\n   switch    Switch branches\n   tag       Create, list, delete or verify a tag object signed with GPG\n\ncollaborate (see also: git help workflows)\n   fetch     Download objects and refs from another repository\n   pull      Fetch from and integrate with another repository or a local branch\n   push      Update remote refs along with associated objects\n\n'git help -a' and 'git help -g' list available subcommands and some\nconcept guides. See 'git help <command>' or 'git help <concept>'\nto read about a specific subcommand or concept.\nSee 'git help git' for an overview of the system.\n""
[0m18:09:23.094098 [debug] [MainThread]: STDERR: "b''"
[0m18:09:23.094788 [info ] [MainThread]:  - git [[32mOK found[0m]

[0m18:09:23.095470 [info ] [MainThread]: Connection test skipped since no profile was found
[0m18:09:23.096193 [info ] [MainThread]: [31m2 checks failed:[0m
[0m18:09:23.097054 [info ] [MainThread]: dbt looked for a profiles.yml file in /Users/tennis/.dbt/profiles.yml, but did
not find one. For more information on configuring your profile, consult the
documentation:

https://docs.getdbt.com/docs/configure-your-profile


[0m18:09:23.097927 [info ] [MainThread]: Project loading failed for the following reason:
 project path </Users/tennis/Desktop/DataCamp/Sales-Insights/dbt_project.yml> not found

[0m18:09:23.104408 [debug] [MainThread]: Resource report: {"command_name": "debug", "command_wall_clock_time": 0.093380116, "process_user_time": 3.537723, "process_kernel_time": 0.510204, "process_mem_max_rss": "93323264", "command_success": false, "process_in_blocks": "0", "process_out_blocks": "0"}
[0m18:09:23.105672 [debug] [MainThread]: Command `dbt debug` failed at 18:09:23.105396 after 0.09 seconds
[0m18:09:23.106566 [debug] [MainThread]: Sending event: {'category': 'dbt', 'action': 'invocation', 'label': 'end', 'context': [<snowplow_tracker.self_describing_json.SelfDescribingJson object at 0x7f943b4c3af0>, <snowplow_tracker.self_describing_json.SelfDescribingJson object at 0x7f943de14bb0>, <snowplow_tracker.self_describing_json.SelfDescribingJson object at 0x7f943de149a0>]}
[0m18:09:23.107537 [debug] [MainThread]: Flushing usage events
